[2020-08-05 22:38:24.311] [exthost] [info] extension host started
[2020-08-05 22:38:25.887] [exthost] [info] extension host started
[2020-08-05 22:38:25.924] [exthost] [info] ExtensionService#_doActivateExtension HookyQR.beautify {"startup":true,"activationEvent":"*"}
[2020-08-05 22:38:25.924] [exthost] [info] ExtensionService#loadCommonJSModule C:\springBootProject\sts-4.4.0.RELEASE\plugins\pack.core.win_3.6.0.201910290238\HookyQR.beautify-1.4.11\extension
[2020-08-05 22:38:26.042] [exthost] [info] ExtensionService#_doActivateExtension christian-kohler.path-intellisense {"startup":true,"activationEvent":"*"}
[2020-08-05 22:38:26.042] [exthost] [info] ExtensionService#loadCommonJSModule C:\springBootProject\sts-4.4.0.RELEASE\plugins\pack.core.win_3.6.0.201910290238\christian-kohler.path-intellisense-1.4.2\out\src\extension
[2020-08-05 22:38:26.074] [exthost] [info] ExtensionService#_doActivateExtension dbaeumer.vscode-eslint {"startup":true,"activationEvent":"*"}
[2020-08-05 22:38:26.074] [exthost] [info] ExtensionService#loadCommonJSModule C:\springBootProject\sts-4.4.0.RELEASE\plugins\pack.core.win_3.6.0.201910290238\dbaeumer.vscode-eslint-1.9.0\client\out\extension
[2020-08-05 22:38:26.137] [exthost] [info] ExtensionService#_doActivateExtension vscode.debug-auto-launch {"startup":true,"activationEvent":"*"}
[2020-08-05 22:38:26.137] [exthost] [info] ExtensionService#loadCommonJSModule c:\springBootProject\sts-4.4.0.RELEASE\plugins\com.genuitec.eclipse.code.engine.app.win32.x86_64_3.6.0.201910290238\engine\resources\app\extensions\debug-auto-launch\dist\extension
[2020-08-05 22:38:26.142] [exthost] [info] ExtensionService#_doActivateExtension vscode.emmet {"startup":true,"activationEvent":"*"}
[2020-08-05 22:38:26.142] [exthost] [info] ExtensionService#loadCommonJSModule c:\springBootProject\sts-4.4.0.RELEASE\plugins\com.genuitec.eclipse.code.engine.app.win32.x86_64_3.6.0.201910290238\engine\resources\app\extensions\emmet\dist\extension
[2020-08-05 22:38:26.168] [exthost] [info] ExtensionService#_doActivateExtension formulahendry.auto-close-tag {"startup":true,"activationEvent":"*"}
[2020-08-05 22:38:26.168] [exthost] [info] ExtensionService#loadCommonJSModule C:\springBootProject\sts-4.4.0.RELEASE\plugins\pack.core.win_3.6.0.201910290238\formulahendry.auto-close-tag-0.5.6\out\src\extension
[2020-08-05 22:38:26.172] [exthost] [info] ExtensionService#_doActivateExtension vscode.grunt {"startup":false,"activationEvent":"onCommand:workbench.action.tasks.runTask"}
[2020-08-05 22:38:26.172] [exthost] [info] ExtensionService#loadCommonJSModule c:\springBootProject\sts-4.4.0.RELEASE\plugins\com.genuitec.eclipse.code.engine.app.win32.x86_64_3.6.0.201910290238\engine\resources\app\extensions\grunt\dist\main
[2020-08-05 22:38:26.180] [exthost] [info] ExtensionService#_doActivateExtension vscode.gulp {"startup":false,"activationEvent":"onCommand:workbench.action.tasks.runTask"}
[2020-08-05 22:38:26.180] [exthost] [info] ExtensionService#loadCommonJSModule c:\springBootProject\sts-4.4.0.RELEASE\plugins\com.genuitec.eclipse.code.engine.app.win32.x86_64_3.6.0.201910290238\engine\resources\app\extensions\gulp\dist\main
[2020-08-05 22:38:26.188] [exthost] [info] ExtensionService#_doActivateExtension vscode.jake {"startup":false,"activationEvent":"onCommand:workbench.action.tasks.runTask"}
[2020-08-05 22:38:26.188] [exthost] [info] ExtensionService#loadCommonJSModule c:\springBootProject\sts-4.4.0.RELEASE\plugins\com.genuitec.eclipse.code.engine.app.win32.x86_64_3.6.0.201910290238\engine\resources\app\extensions\jake\dist\main
[2020-08-05 22:38:26.194] [exthost] [info] ExtensionService#_doActivateExtension vscode.npm {"startup":false,"activationEvent":"onCommand:workbench.action.tasks.runTask"}
[2020-08-05 22:38:26.194] [exthost] [info] ExtensionService#loadCommonJSModule c:\springBootProject\sts-4.4.0.RELEASE\plugins\com.genuitec.eclipse.code.engine.app.win32.x86_64_3.6.0.201910290238\engine\resources\app\extensions\npm\dist\main
[2020-08-05 22:38:26.229] [exthost] [info] ExtensionService#_doActivateExtension vscode.typescript-language-features {"startup":false,"activationEvent":"onCommand:workbench.action.tasks.runTask"}
[2020-08-05 22:38:26.229] [exthost] [info] ExtensionService#loadCommonJSModule c:\springBootProject\sts-4.4.0.RELEASE\plugins\com.genuitec.eclipse.code.engine.app.win32.x86_64_3.6.0.201910290238\engine\resources\app\extensions\typescript-language-features\dist\extension
[2020-08-05 22:38:26.500] [exthost] [info] ExtensionService#_doActivateExtension vscode.configuration-editing {"startup":false,"activationEvent":"onLanguage:jsonc"}
[2020-08-05 22:38:26.500] [exthost] [info] ExtensionService#loadCommonJSModule c:\springBootProject\sts-4.4.0.RELEASE\plugins\com.genuitec.eclipse.code.engine.app.win32.x86_64_3.6.0.201910290238\engine\resources\app\extensions\configuration-editing\dist\extension
[2020-08-05 22:38:26.523] [exthost] [info] ExtensionService#_doActivateExtension vscode.json-language-features {"startup":false,"activationEvent":"onLanguage:jsonc"}
[2020-08-05 22:38:26.523] [exthost] [info] ExtensionService#loadCommonJSModule c:\springBootProject\sts-4.4.0.RELEASE\plugins\com.genuitec.eclipse.code.engine.app.win32.x86_64_3.6.0.201910290238\engine\resources\app\extensions\json-language-features\client\dist\jsonMain
[2020-08-05 22:38:26.667] [exthost] [info] eager extensions activated
